<?xml version="1.0" encoding="utf-8"?><testsuites name="pytest tests"><testsuite name="pytest" errors="0" failures="0" skipped="0" tests="23" time="4.177" timestamp="2026-08-17T20:36:41.931170+00:00" hostname="agent-env-c2583188-5f63-4243-b3bf-b3da0fa3f696"><testcase classname="tests.test_backend_api" name="test_root" time="0.309" /><testcase classname="tests.test_backend_api" name="test_team_has_one_president" time="0.063" /><testcase classname="tests.test_backend_api" name="test_publications_seeded" time="0.063" /><testcase classname="tests.test_backend_api" name="test_publications_filter_category" time="0.056" /><testcase classname="tests.test_backend_api" name="test_publications_search" time="0.058" /><testcase classname="tests.test_backend_api" name="test_events" time="0.060" /><testcase classname="tests.test_backend_api" name="test_gallery" time="0.058" /><testcase classname="tests.test_backend_api" name="test_resources" time="0.057" /><testcase classname="tests.test_backend_api" name="test_campaigns_have_percent" time="0.062" /><testcase classname="tests.test_backend_api" name="test_stats" time="0.060" /><testcase classname="tests.test_backend_api" name="test_grant_proposal_success" time="0.313" /><testcase classname="tests.test_backend_api" name="test_grant_proposal_bad_email" time="0.061" /><testcase classname="tests.test_backend_api" name="test_grant_proposal_short_abstract" time="0.057" /><testcase classname="tests.test_backend_api" name="test_csr_request_success" time="0.353" /><testcase classname="tests.test_backend_api" name="test_csr_request_bad_email" time="0.061" /><testcase classname="tests.test_backend_api" name="test_enquiry_success" time="0.259" /><testcase classname="tests.test_backend_api" name="test_enquiry_bad_email" time="0.057" /><testcase classname="tests.test_backend_api" name="test_volunteer_success" time="0.810" /><testcase classname="tests.test_backend_api" name="test_volunteer_bad_email" time="0.056" /><testcase classname="tests.test_backend_api" name="test_symposium_success" time="0.254" /><testcase classname="tests.test_backend_api" name="test_symposium_bad_email" time="0.058" /><testcase classname="tests.test_backend_api" name="test_pledge_success_updates_percent" time="0.439" /><testcase classname="tests.test_backend_api" name="test_pledge_unknown_slug" time="0.060" /></testsuite></testsuites>